  Compiling CUDA source file main.cu...
  
  C:\Users\Skyroad\Desktop\CUDA\CUDA\CUDA>"C:\Program Files\NVIDIA GPU Computing Toolkit\CUDA\v9.0\bin\nvcc.exe" -gencode=arch=compute_61,code=\"sm_61,compute_61\" --use-local-env --cl-version 2015 -Xcompiler /openmp -ccbin "C:\Program Files (x86)\Microsoft Visual Studio 14.0\VC\bin\x86_amd64" -x cu  -I"C:\Program Files\NVIDIA GPU Computing Toolkit\CUDA\v9.0\include" -I"C:\Program Files\NVIDIA GPU Computing Toolkit\CUDA\v9.0\include"  -G   --keep-dir x64\Debug -maxrregcount=0  --machine 64 --compile -cudart static  -g   -DWIN32 -DWIN64 -D_DEBUG -D_CONSOLE -D_MBCS -Xcompiler "/EHsc /W3 /nologo /Od /FS /Zi /RTC1 /MDd " -o x64\Debug\main.cu.obj "C:\Users\Skyroad\Desktop\CUDA\CUDA\CUDA\main.cu" 
c:\program files\nvidia gpu computing toolkit\cuda\v9.0\include\crt\math_functions.h : warning C4819: 현재 코드 페이지(949)에서 표시할 수 없는 문자가 파일에 들어 있습니다. 데이터가 손실되지 않게 하려면 해당 파일을 유니코드 형식으로 저장하십시오.
c:\program files\nvidia gpu computing toolkit\cuda\v9.0\include\crt\math_functions.h(838): warning C4819: 현재 코드 페이지(949)에서 표시할 수 없는 문자가 파일에 들어 있습니다. 데이터가 손실되지 않게 하려면 해당 파일을 유니코드 형식으로 저장하십시오.
c:\program files\nvidia gpu computing toolkit\cuda\v9.0\include\crt\math_functions.h(1772): warning C4819: 현재 코드 페이지(949)에서 표시할 수 없는 문자가 파일에 들어 있습니다. 데이터가 손실되지 않게 하려면 해당 파일을 유니코드 형식으로 저장하십시오.
c:\program files\nvidia gpu computing toolkit\cuda\v9.0\include\crt\math_functions.h(2628): warning C4819: 현재 코드 페이지(949)에서 표시할 수 없는 문자가 파일에 들어 있습니다. 데이터가 손실되지 않게 하려면 해당 파일을 유니코드 형식으로 저장하십시오.
c:\program files\nvidia gpu computing toolkit\cuda\v9.0\include\crt\math_functions.h(3477): warning C4819: 현재 코드 페이지(949)에서 표시할 수 없는 문자가 파일에 들어 있습니다. 데이터가 손실되지 않게 하려면 해당 파일을 유니코드 형식으로 저장하십시오.
c:\program files\nvidia gpu computing toolkit\cuda\v9.0\include\crt\math_functions.h(4417): warning C4819: 현재 코드 페이지(949)에서 표시할 수 없는 문자가 파일에 들어 있습니다. 데이터가 손실되지 않게 하려면 해당 파일을 유니코드 형식으로 저장하십시오.
c:\program files\nvidia gpu computing toolkit\cuda\v9.0\include\crt\math_functions.h(5319): warning C4819: 현재 코드 페이지(949)에서 표시할 수 없는 문자가 파일에 들어 있습니다. 데이터가 손실되지 않게 하려면 해당 파일을 유니코드 형식으로 저장하십시오.
c:\program files\nvidia gpu computing toolkit\cuda\v9.0\include\crt\math_functions.h(6229): warning C4819: 현재 코드 페이지(949)에서 표시할 수 없는 문자가 파일에 들어 있습니다. 데이터가 손실되지 않게 하려면 해당 파일을 유니코드 형식으로 저장하십시오.
c:\program files\nvidia gpu computing toolkit\cuda\v9.0\include\crt\math_functions.h(7104): warning C4819: 현재 코드 페이지(949)에서 표시할 수 없는 문자가 파일에 들어 있습니다. 데이터가 손실되지 않게 하려면 해당 파일을 유니코드 형식으로 저장하십시오.
c:\program files\nvidia gpu computing toolkit\cuda\v9.0\include\crt\math_functions.h(7914): warning C4819: 현재 코드 페이지(949)에서 표시할 수 없는 문자가 파일에 들어 있습니다. 데이터가 손실되지 않게 하려면 해당 파일을 유니코드 형식으로 저장하십시오.
c:\program files\nvidia gpu computing toolkit\cuda\v9.0\include\crt/device_functions.h : warning C4819: 현재 코드 페이지(949)에서 표시할 수 없는 문자가 파일에 들어 있습니다. 데이터가 손실되지 않게 하려면 해당 파일을 유니코드 형식으로 저장하십시오.
c:\program files\nvidia gpu computing toolkit\cuda\v9.0\include\crt/device_functions.h(776): warning C4819: 현재 코드 페이지(949)에서 표시할 수 없는 문자가 파일에 들어 있습니다. 데이터가 손실되지 않게 하려면 해당 파일을 유니코드 형식으로 저장하십시오.
c:\program files\nvidia gpu computing toolkit\cuda\v9.0\include\crt/device_functions.h(1636): warning C4819: 현재 코드 페이지(949)에서 표시할 수 없는 문자가 파일에 들어 있습니다. 데이터가 손실되지 않게 하려면 해당 파일을 유니코드 형식으로 저장하십시오.
c:\program files\nvidia gpu computing toolkit\cuda\v9.0\include\crt\device_double_functions.h : warning C4819: 현재 코드 페이지(949)에서 표시할 수 없는 문자가 파일에 들어 있습니다. 데이터가 손실되지 않게 하려면 해당 파일을 유니코드 형식으로 저장하십시오.
c:\program files\nvidia gpu computing toolkit\cuda\v9.0\include\sm_20_intrinsics.h : warning C4819: 현재 코드 페이지(949)에서 표시할 수 없는 문자가 파일에 들어 있습니다. 데이터가 손실되지 않게 하려면 해당 파일을 유니코드 형식으로 저장하십시오.
c:\program files\nvidia gpu computing toolkit\cuda\v9.0\include\sm_20_intrinsics.h(925): warning C4819: 현재 코드 페이지(949)에서 표시할 수 없는 문자가 파일에 들어 있습니다. 데이터가 손실되지 않게 하려면 해당 파일을 유니코드 형식으로 저장하십시오.
C:\Program Files\NVIDIA GPU Computing Toolkit\CUDA\v9.0\include\thrust/system/cuda/detail/assign_value.h(78): warning : calling a __host__ function("std::_Iterator_base12::_Iterator_base12 [subobject]") from a __host__ __device__ function("std::_Iterator012< ::std::random_access_iterator_tag, char, long long, const char *, const char &,  ::std::_Iterator_base12> ::_Iterator012") is not allowed
C:\Program Files\NVIDIA GPU Computing Toolkit\CUDA\v9.0\include\thrust/system/cuda/detail/assign_value.h(78): warning : calling a __host__ function("std::_Iterator_base12::~_Iterator_base12 [subobject]") from a __host__ __device__ function("std::_Iterator012< ::std::random_access_iterator_tag, char, long long, const char *, const char &,  ::std::_Iterator_base12> ::~_Iterator012") is not allowed
c:\program files\nvidia gpu computing toolkit\cuda\v9.0\include\crt\math_functions.h : warning C4819: 현재 코드 페이지(949)에서 표시할 수 없는 문자가 파일에 들어 있습니다. 데이터가 손실되지 않게 하려면 해당 파일을 유니코드 형식으로 저장하십시오.
c:\program files\nvidia gpu computing toolkit\cuda\v9.0\include\crt\math_functions.h(838): warning C4819: 현재 코드 페이지(949)에서 표시할 수 없는 문자가 파일에 들어 있습니다. 데이터가 손실되지 않게 하려면 해당 파일을 유니코드 형식으로 저장하십시오.
c:\program files\nvidia gpu computing toolkit\cuda\v9.0\include\crt\math_functions.h(1772): warning C4819: 현재 코드 페이지(949)에서 표시할 수 없는 문자가 파일에 들어 있습니다. 데이터가 손실되지 않게 하려면 해당 파일을 유니코드 형식으로 저장하십시오.
c:\program files\nvidia gpu computing toolkit\cuda\v9.0\include\crt\math_functions.h(2628): warning C4819: 현재 코드 페이지(949)에서 표시할 수 없는 문자가 파일에 들어 있습니다. 데이터가 손실되지 않게 하려면 해당 파일을 유니코드 형식으로 저장하십시오.
c:\program files\nvidia gpu computing toolkit\cuda\v9.0\include\crt\math_functions.h(3477): warning C4819: 현재 코드 페이지(949)에서 표시할 수 없는 문자가 파일에 들어 있습니다. 데이터가 손실되지 않게 하려면 해당 파일을 유니코드 형식으로 저장하십시오.
c:\program files\nvidia gpu computing toolkit\cuda\v9.0\include\crt\math_functions.h(4417): warning C4819: 현재 코드 페이지(949)에서 표시할 수 없는 문자가 파일에 들어 있습니다. 데이터가 손실되지 않게 하려면 해당 파일을 유니코드 형식으로 저장하십시오.
c:\program files\nvidia gpu computing toolkit\cuda\v9.0\include\crt\math_functions.h(5319): warning C4819: 현재 코드 페이지(949)에서 표시할 수 없는 문자가 파일에 들어 있습니다. 데이터가 손실되지 않게 하려면 해당 파일을 유니코드 형식으로 저장하십시오.
c:\program files\nvidia gpu computing toolkit\cuda\v9.0\include\crt\math_functions.h(6229): warning C4819: 현재 코드 페이지(949)에서 표시할 수 없는 문자가 파일에 들어 있습니다. 데이터가 손실되지 않게 하려면 해당 파일을 유니코드 형식으로 저장하십시오.
c:\program files\nvidia gpu computing toolkit\cuda\v9.0\include\crt\math_functions.h(7104): warning C4819: 현재 코드 페이지(949)에서 표시할 수 없는 문자가 파일에 들어 있습니다. 데이터가 손실되지 않게 하려면 해당 파일을 유니코드 형식으로 저장하십시오.
c:\program files\nvidia gpu computing toolkit\cuda\v9.0\include\crt\math_functions.h(7914): warning C4819: 현재 코드 페이지(949)에서 표시할 수 없는 문자가 파일에 들어 있습니다. 데이터가 손실되지 않게 하려면 해당 파일을 유니코드 형식으로 저장하십시오.
c:\program files\nvidia gpu computing toolkit\cuda\v9.0\include\crt/device_functions.h : warning C4819: 현재 코드 페이지(949)에서 표시할 수 없는 문자가 파일에 들어 있습니다. 데이터가 손실되지 않게 하려면 해당 파일을 유니코드 형식으로 저장하십시오.
c:\program files\nvidia gpu computing toolkit\cuda\v9.0\include\crt/device_functions.h(776): warning C4819: 현재 코드 페이지(949)에서 표시할 수 없는 문자가 파일에 들어 있습니다. 데이터가 손실되지 않게 하려면 해당 파일을 유니코드 형식으로 저장하십시오.
c:\program files\nvidia gpu computing toolkit\cuda\v9.0\include\crt/device_functions.h(1636): warning C4819: 현재 코드 페이지(949)에서 표시할 수 없는 문자가 파일에 들어 있습니다. 데이터가 손실되지 않게 하려면 해당 파일을 유니코드 형식으로 저장하십시오.
c:\program files\nvidia gpu computing toolkit\cuda\v9.0\include\crt\device_double_functions.h : warning C4819: 현재 코드 페이지(949)에서 표시할 수 없는 문자가 파일에 들어 있습니다. 데이터가 손실되지 않게 하려면 해당 파일을 유니코드 형식으로 저장하십시오.
c:\program files\nvidia gpu computing toolkit\cuda\v9.0\include\sm_20_intrinsics.h : warning C4819: 현재 코드 페이지(949)에서 표시할 수 없는 문자가 파일에 들어 있습니다. 데이터가 손실되지 않게 하려면 해당 파일을 유니코드 형식으로 저장하십시오.
c:\program files\nvidia gpu computing toolkit\cuda\v9.0\include\sm_20_intrinsics.h(925): warning C4819: 현재 코드 페이지(949)에서 표시할 수 없는 문자가 파일에 들어 있습니다. 데이터가 손실되지 않게 하려면 해당 파일을 유니코드 형식으로 저장하십시오.
  main.cu
C:/Users/Skyroad/Desktop/CUDA/CUDA/CUDA/main.cu(69): warning C4244: '초기화 중': 'double'에서 'char'(으)로 변환하면서 데이터가 손실될 수 있습니다.
C:/Users/Skyroad/Desktop/CUDA/CUDA/CUDA/main.cu(88): warning C4244: '=': 'double'에서 'char'(으)로 변환하면서 데이터가 손실될 수 있습니다.
C:/Users/Skyroad/Desktop/CUDA/CUDA/CUDA/main.cu(89): warning C4244: '=': 'double'에서 'char'(으)로 변환하면서 데이터가 손실될 수 있습니다.
C:/Users/Skyroad/Desktop/CUDA/CUDA/CUDA/main.cu(90): warning C4244: '=': 'double'에서 'char'(으)로 변환하면서 데이터가 손실될 수 있습니다.
C:/Users/Skyroad/Desktop/CUDA/CUDA/CUDA/main.cu(149): warning C4244: '초기화 중': 'std::streamoff'에서 'UINT'(으)로 변환하면서 데이터가 손실될 수 있습니다.
C:/Users/Skyroad/Desktop/CUDA/CUDA/CUDA/main.cu(152): warning C4244: '초기화 중': 'std::streamoff'에서 'UINT'(으)로 변환하면서 데이터가 손실될 수 있습니다.
C:/Users/Skyroad/Desktop/CUDA/CUDA/CUDA/main.cu(155): warning C4244: '초기화 중': 'std::streamoff'에서 'UINT'(으)로 변환하면서 데이터가 손실될 수 있습니다.
c:\program files\nvidia gpu computing toolkit\cuda\v9.0\include\crt\math_functions.h : warning C4819: 현재 코드 페이지(949)에서 표시할 수 없는 문자가 파일에 들어 있습니다. 데이터가 손실되지 않게 하려면 해당 파일을 유니코드 형식으로 저장하십시오.
c:\program files\nvidia gpu computing toolkit\cuda\v9.0\include\crt\math_functions.h(838): warning C4819: 현재 코드 페이지(949)에서 표시할 수 없는 문자가 파일에 들어 있습니다. 데이터가 손실되지 않게 하려면 해당 파일을 유니코드 형식으로 저장하십시오.
c:\program files\nvidia gpu computing toolkit\cuda\v9.0\include\crt\math_functions.h(1772): warning C4819: 현재 코드 페이지(949)에서 표시할 수 없는 문자가 파일에 들어 있습니다. 데이터가 손실되지 않게 하려면 해당 파일을 유니코드 형식으로 저장하십시오.
c:\program files\nvidia gpu computing toolkit\cuda\v9.0\include\crt\math_functions.h(2628): warning C4819: 현재 코드 페이지(949)에서 표시할 수 없는 문자가 파일에 들어 있습니다. 데이터가 손실되지 않게 하려면 해당 파일을 유니코드 형식으로 저장하십시오.
c:\program files\nvidia gpu computing toolkit\cuda\v9.0\include\crt\math_functions.h(3477): warning C4819: 현재 코드 페이지(949)에서 표시할 수 없는 문자가 파일에 들어 있습니다. 데이터가 손실되지 않게 하려면 해당 파일을 유니코드 형식으로 저장하십시오.
c:\program files\nvidia gpu computing toolkit\cuda\v9.0\include\crt\math_functions.h(4417): warning C4819: 현재 코드 페이지(949)에서 표시할 수 없는 문자가 파일에 들어 있습니다. 데이터가 손실되지 않게 하려면 해당 파일을 유니코드 형식으로 저장하십시오.
c:\program files\nvidia gpu computing toolkit\cuda\v9.0\include\crt\math_functions.h(5319): warning C4819: 현재 코드 페이지(949)에서 표시할 수 없는 문자가 파일에 들어 있습니다. 데이터가 손실되지 않게 하려면 해당 파일을 유니코드 형식으로 저장하십시오.
c:\program files\nvidia gpu computing toolkit\cuda\v9.0\include\crt\math_functions.h(6229): warning C4819: 현재 코드 페이지(949)에서 표시할 수 없는 문자가 파일에 들어 있습니다. 데이터가 손실되지 않게 하려면 해당 파일을 유니코드 형식으로 저장하십시오.
c:\program files\nvidia gpu computing toolkit\cuda\v9.0\include\crt\math_functions.h(7104): warning C4819: 현재 코드 페이지(949)에서 표시할 수 없는 문자가 파일에 들어 있습니다. 데이터가 손실되지 않게 하려면 해당 파일을 유니코드 형식으로 저장하십시오.
c:\program files\nvidia gpu computing toolkit\cuda\v9.0\include\crt\math_functions.h(7914): warning C4819: 현재 코드 페이지(949)에서 표시할 수 없는 문자가 파일에 들어 있습니다. 데이터가 손실되지 않게 하려면 해당 파일을 유니코드 형식으로 저장하십시오.
  CUDA.vcxproj -> C:\Users\Skyroad\Desktop\CUDA\CUDA\x64\Debug\CUDA.exe
  CUDA.vcxproj -> C:\Users\Skyroad\Desktop\CUDA\CUDA\x64\Debug\CUDA.pdb (Full PDB)
  copy "C:\Program Files\NVIDIA GPU Computing Toolkit\CUDA\v9.0\bin\cudart*.dll" "C:\Users\Skyroad\Desktop\CUDA\CUDA\x64\Debug\"
  C:\Program Files\NVIDIA GPU Computing Toolkit\CUDA\v9.0\bin\cudart32_90.dll
  C:\Program Files\NVIDIA GPU Computing Toolkit\CUDA\v9.0\bin\cudart64_90.dll
          2개 파일이 복사되었습니다.
